0 info it worked if it ends with ok
1 verbose cli [ '/usr/local/bin/node',
1 verbose cli   '/usr/local/bin/npm',
1 verbose cli   'install',
1 verbose cli   'npm',
1 verbose cli   '-g' ]
2 info using npm@2.15.8
3 info using node@v4.4.7
4 verbose install initial load of /usr/local/lib/package.json
5 verbose readDependencies loading dependencies from /usr/local/lib/package.json
6 silly cache add args [ 'npm', null ]
7 verbose cache add spec npm
8 silly cache add parsed spec Result {
8 silly cache add   raw: 'npm',
8 silly cache add   scope: null,
8 silly cache add   name: 'npm',
8 silly cache add   rawSpec: '',
8 silly cache add   spec: 'latest',
8 silly cache add   type: 'tag' }
9 silly addNamed npm@latest
10 verbose addNamed "latest" is being treated as a dist-tag for npm
11 info addNameTag [ 'npm', 'latest' ]
12 silly mapToRegistry name npm
13 silly mapToRegistry using default registry
14 silly mapToRegistry registry https://registry.npmjs.org/
15 silly mapToRegistry data Result {
15 silly mapToRegistry   raw: 'npm',
15 silly mapToRegistry   scope: null,
15 silly mapToRegistry   name: 'npm',
15 silly mapToRegistry   rawSpec: '',
15 silly mapToRegistry   spec: 'latest',
15 silly mapToRegistry   type: 'tag' }
16 silly mapToRegistry uri https://registry.npmjs.org/npm
17 verbose addNameTag registry:https://registry.npmjs.org/npm not in flight; fetching
18 verbose request uri https://registry.npmjs.org/npm
19 verbose request no auth needed
20 info attempt registry request try #1 at 11:54:52
21 verbose request id 6d8b9d58d5b36299
22 verbose etag "DZHH36V4HWBTP9VLHWLXFF8TR"
23 http request GET https://registry.npmjs.org/npm
24 http 304 https://registry.npmjs.org/npm
25 verbose headers { date: 'Fri, 08 Jul 2016 09:54:53 GMT',
25 verbose headers   via: '1.1 varnish',
25 verbose headers   'cache-control': 'max-age=300',
25 verbose headers   etag: '"DZHH36V4HWBTP9VLHWLXFF8TR"',
25 verbose headers   age: '263',
25 verbose headers   connection: 'keep-alive',
25 verbose headers   'x-served-by': 'cache-fra1223-FRA',
25 verbose headers   'x-cache': 'HIT',
25 verbose headers   'x-cache-hits': '5',
25 verbose headers   'x-timer': 'S1467971693.210945,VS0,VE0',
25 verbose headers   vary: 'Accept-Encoding' }
26 silly get cb [ 304,
26 silly get   { date: 'Fri, 08 Jul 2016 09:54:53 GMT',
26 silly get     via: '1.1 varnish',
26 silly get     'cache-control': 'max-age=300',
26 silly get     etag: '"DZHH36V4HWBTP9VLHWLXFF8TR"',
26 silly get     age: '263',
26 silly get     connection: 'keep-alive',
26 silly get     'x-served-by': 'cache-fra1223-FRA',
26 silly get     'x-cache': 'HIT',
26 silly get     'x-cache-hits': '5',
26 silly get     'x-timer': 'S1467971693.210945,VS0,VE0',
26 silly get     vary: 'Accept-Encoding' } ]
27 verbose etag https://registry.npmjs.org/npm from cache
28 verbose get saving npm to /Users/nicolasrouanne/.npm/registry.npmjs.org/npm/.cache.json
29 verbose correctMkdir /Users/nicolasrouanne/.npm correctMkdir not in flight; initializing
30 silly addNameTag next cb for npm with tag latest
31 silly addNamed npm@3.10.5
32 verbose addNamed "3.10.5" is a plain semver version for npm
33 silly mapToRegistry name npm
34 silly mapToRegistry using default registry
35 silly mapToRegistry registry https://registry.npmjs.org/
36 silly mapToRegistry data Result {
36 silly mapToRegistry   raw: 'npm',
36 silly mapToRegistry   scope: null,
36 silly mapToRegistry   name: 'npm',
36 silly mapToRegistry   rawSpec: '',
36 silly mapToRegistry   spec: 'latest',
36 silly mapToRegistry   type: 'tag' }
37 silly mapToRegistry uri https://registry.npmjs.org/npm
38 verbose addRemoteTarball https://registry.npmjs.org/npm/-/npm-3.10.5.tgz not in flight; adding
39 verbose addRemoteTarball [ 'https://registry.npmjs.org/npm/-/npm-3.10.5.tgz',
39 verbose addRemoteTarball   '4753bfbb1526077d61c3b6a251cff61a22206cc6' ]
40 info retry fetch attempt 1 at 11:54:53
41 info attempt registry request try #1 at 11:54:53
42 http fetch GET https://registry.npmjs.org/npm/-/npm-3.10.5.tgz
43 http fetch 200 https://registry.npmjs.org/npm/-/npm-3.10.5.tgz
44 silly fetchAndShaCheck shasum 4753bfbb1526077d61c3b6a251cff61a22206cc6
45 verbose addTmpTarball /var/folders/00/gjy5bd8d2_zgfrhbmgg1lptw0000gn/T/npm-22911-7ffe5cc5/registry.npmjs.org/npm/-/npm-3.10.5.tgz not in flight; adding
46 verbose addTmpTarball already have metadata; skipping unpack for npm@3.10.5
47 verbose correctMkdir /Users/nicolasrouanne/.npm correctMkdir not in flight; initializing
48 verbose stack Error: EACCES: permission denied, mkdir '/Users/nicolasrouanne/.npm/npm/3.10.5'
48 verbose stack     at Error (native)
49 verbose cwd /Users/nicolasrouanne/development/thinkster/flapper-news
50 error Darwin 15.5.0
51 error argv "/usr/local/bin/node" "/usr/local/bin/npm" "install" "npm" "-g"
52 error node v4.4.7
53 error npm  v2.15.8
54 error path /Users/nicolasrouanne/.npm/npm/3.10.5
55 error code EACCES
56 error errno -13
57 error syscall mkdir
58 error Error: EACCES: permission denied, mkdir '/Users/nicolasrouanne/.npm/npm/3.10.5'
58 error     at Error (native)
58 error  { [Error: EACCES: permission denied, mkdir '/Users/nicolasrouanne/.npm/npm/3.10.5']
58 error   errno: -13,
58 error   code: 'EACCES',
58 error   syscall: 'mkdir',
58 error   path: '/Users/nicolasrouanne/.npm/npm/3.10.5' }
59 error Please try running this command again as root/Administrator.
60 verbose exit [ -13, true ]
